# JRE version: Java(TM) SE Runtime Environment (9.0+11) (build 9.0.4+11)
# Java VM: Java HotSpot(TM) 64-Bit Server VM (9.0.4+11, mixed mode, tiered, compressed oops, g1 gc, windows-amd64)
Heap:
 garbage-first heap   total 262144K, used 197848K [0x00000000c0000000, 0x00000000c0100800, 0x0000000100000000)
  region size 1024K, 145 young (148480K), 5 survivors (5120K)
 Metaspace       used 49577K, capacity 52606K, committed 52736K, reserved 1095680K
  class space    used 4911K, capacity 5808K, committed 5888K, reserved 1048576K
GC Heap History (10 events):
Event: 5.081 GC heap before
{Heap before GC invocations=8 (full 0):
 garbage-first heap   total 262144K, used 177059K [0x00000000c0000000, 0x00000000c0100800, 0x0000000100000000)
  region size 1024K, 153 young (156672K), 10 survivors (10240K)
 Metaspace       used 41662K, capacity 44364K, committed 44416K, reserved 1089536K
  class space    used 4205K, capacity 4988K, committed 4992K, reserved 1048576K
}
Event: 5.098 GC heap after
{Heap after GC invocations=9 (full 0):
 garbage-first heap   total 262144K, used 46679K [0x00000000c0000000, 0x00000000c0100800, 0x0000000100000000)
  region size 1024K, 20 young (20480K), 20 survivors (20480K)
 Metaspace       used 41662K, capacity 44364K, committed 44416K, reserved 1089536K
  class space    used 4205K, capacity 4988K, committed 4992K, reserved 1048576K
}
Event: 5.477 GC heap before
{Heap before GC invocations=9 (full 0):
 garbage-first heap   total 262144K, used 176727K [0x00000000c0000000, 0x00000000c0100800, 0x0000000100000000)
  region size 1024K, 146 young (149504K), 20 survivors (20480K)
 Metaspace       used 44687K, capacity 47490K, committed 47616K, reserved 1091584K
  class space    used 4525K, capacity 5333K, committed 5376K, reserved 1048576K
}
Event: 5.491 GC heap after
{Heap after GC invocations=10 (full 0):
 garbage-first heap   total 262144K, used 54328K [0x00000000c0000000, 0x00000000c0100800, 0x0000000100000000)
  region size 1024K, 10 young (10240K), 10 survivors (10240K)
 Metaspace       used 44687K, capacity 47490K, committed 47616K, reserved 1091584K
  class space    used 4525K, capacity 5333K, committed 5376K, reserved 1048576K
}
Event: 9136.684 GC heap before
{Heap before GC invocations=10 (full 0):
 garbage-first heap   total 262144K, used 185400K [0x00000000c0000000, 0x00000000c0100800, 0x0000000100000000)
  region size 1024K, 138 young (141312K), 10 survivors (10240K)
 Metaspace       used 48298K, capacity 51328K, committed 51584K, reserved 1095680K
  class space    used 4829K, capacity 5703K, committed 5760K, reserved 1048576K
}
Event: 9136.802 GC heap after
{Heap after GC invocations=11 (full 0):
 garbage-first heap   total 262144K, used 58311K [0x00000000c0000000, 0x00000000c0100800, 0x0000000100000000)
  region size 1024K, 14 young (14336K), 14 survivors (14336K)
 Metaspace       used 48298K, capacity 51328K, committed 51584K, reserved 1095680K
  class space    used 4829K, capacity 5703K, committed 5760K, reserved 1048576K
}
Event: 24979.409 GC heap before
{Heap before GC invocations=11 (full 0):
 garbage-first heap   total 262144K, used 194503K [0x00000000c0000000, 0x00000000c0100800, 0x0000000100000000)
  region size 1024K, 147 young (150528K), 14 survivors (14336K)
 Metaspace       used 48332K, capacity 51328K, committed 51584K, reserved 1095680K
  class space    used 4829K, capacity 5703K, committed 5760K, reserved 1048576K
}
Event: 24979.472 GC heap after
{Heap after GC invocations=12 (full 0):
 garbage-first heap   total 262144K, used 57691K [0x00000000c0000000, 0x00000000c0100800, 0x0000000100000000)
  region size 1024K, 7 young (7168K), 7 survivors (7168K)
 Metaspace       used 48332K, capacity 51328K, committed 51584K, reserved 1095680K
  class space    used 4829K, capacity 5703K, committed 5760K, reserved 1048576K
}
Event: 32088.665 GC heap before
{Heap before GC invocations=12 (full 0):
 garbage-first heap   total 262144K, used 202075K [0x00000000c0000000, 0x00000000c0100800, 0x0000000100000000)
  region size 1024K, 148 young (151552K), 7 survivors (7168K)
 Metaspace       used 49362K, capacity 52338K, committed 52608K, reserved 1095680K
  class space    used 4879K, capacity 5736K, committed 5760K, reserved 1048576K
}
Event: 32088.696 GC heap after
{Heap after GC invocations=13 (full 0):
 garbage-first heap   total 262144K, used 55512K [0x00000000c0000000, 0x00000000c0100800, 0x0000000100000000)
  region size 1024K, 5 young (5120K), 5 survivors (5120K)
 Metaspace       used 49362K, capacity 52338K, committed 52608K, reserved 1095680K
  class space    used 4879K, capacity 5736K, committed 5760K, reserved 1048576K
}

